[   000000 Iitializing cgroup subsys cpuset
[  0000000] Initaling cgroup subsys cpu
[    0.000000] Initializing cgroup subsys cpuacct
[    0.000000] Linux version 4.4.0-53-generic (buildd@lcy-2 (gc vrsio 5.4.0 0160 (Unt5.4.-6buu1~1.04) )#7Ubntu MP riDec 215590 UT206 buu 4.40-3.74-generic 4.4.30)
[    0.000000] Command line: BOOT_IMAG=/boo/vlinuz-.40-5-generic root=LABEL=cloudimg-rootfs ro console=tty1 console=ttyS0
[    0.000000] KERNEL supported cpu:[    0.000000]   Intel GenuineIntel
[    0.000000]   AMD AuthenticAMD
[    0.000000]   Centaur CentaurHauls
[    0.000000] x86/fpu: xstate_offset[2]:  576, xstate_sizes[2]:  256
[    0.000000] x86/fpu: Supporting XSAVE feature 0x01: 'x87 floain pint registers'
[    0.000000] x86/fpu: Supporting XSAVE feature 0x02: 'SSE registers'
[    0.000000] x86/fpu: SupportngSAE feature 0x04: 'AVX register
    00000] x86fp: naedxstat fturesx7 cntext size is 832 bytes, using 'standard' format.
[    0.000000] x86/fpu: Using 'lazy' FPUontex switches.
[    0.000000] e820: BIOS-provided physical RAM map:
[    0.000000] BIOS-e8: [mem 0x0000000000000000-0x000000000009fbff] usable
[    0.000000] BIOS-e820: [mem 0x000000000009fc00-0x000000009ffff] reserved
[    0.00000] BIOS-e820: [mem 0x00000000000f0000-0x00000000000fffff] reserved
[    0.000000] BIOS-e820: [mem 0x0000000000100000-0x0000003ffeffff] usable
[    0.000000] BIOS-e820: [mem 0x000000003fff0000-0x000000003fffffff] ACPI data
[    0.000000] BIOS-e820: [mem 0x00000000fffc0000-0x00000000ffffffff] reserved
[   .000000] NX (Execute Disable) protection: active
[    0.000000] SMBIOS 2.5 present.
[    0.000000] Hypervisor detected: KVM
[    0.000000] e820: last_pfn = 0x3fff0 max_arch_pfn = 0x400000000
[    0.000000] MTRR: Diabled
[   0.000000] x86/PAT: MTRRs disabled, skipping PAT initialization too.
[    0.000000] x86/PAT: Configuration [0-7]: WB  WT  UC- UC  WB  WT  UC- UC  
[    0.000000] CPU TRRs all blank - virtualized system.
[    0.000000] found SMP MP-table at [mem 0x0009fff0-0x0009ffff] mapp at [ffff88000009fff0]
[    0.000000] Scanning 1 areas for low memory corruption
    0.0000] RAMDISK: [mem 0x36f5a000-0x377a4fff]
[    0.000000] ACPI: Early table checksum verification disabled
[    0.000000] ACPI: RSDP 0x00000000000E0000 000024 (v02 VBOX  )
[    0.000000] ACPI: XSDT 0x000000003FFF0030 00003C (v01 VBOX   VBOXXSDT 00000001 SL 00000061)
[    0.000000] ACPI: FACP 0x00000003FF00F0 0000F4 (v04 VBOX   VBOXFACP 00000001 ASL  00000061)
[    0.000000] ACPI: DSDT 0x000000003FFF0470 002118 (v01 VBOX   VBOXBIOS 00000002 INTL 20100528)
[    0.000000] ACPI: FACS 0x000000003FFF0200 000040
[    0.000000] ACPI: FACS 0x000000003FFF0200 000040
[    0.000000] ACPI: APIC 0x0000000003FFF0240 00005C (v02 VBOX   VBOXAPIC 00000001 ASL  00000061)
[    0.000000] ACPI: SSDT 0x000000003FFF02A0 0001CC (v01 VBOX   VBOXCPUT 00000002 INTL 201052)
[    0.000000] No NUMA configuration found
[    0.000000] Faking a node at [mem 0x0000000000000000-0x000000003ffeffff]
[    0.000000] NODE_DATA(0) allocated [mem 0x3ffeb000-0x3ffeffff]
[    0.000000] kvm-clock: Using msrs 4b5641 nd 4b564d0
[   0.00000] kvm-clock: cpu 0, msr 0:3ffe7001, priary cpu clock
[    0.000000] kvm-clock: using sched offset of 3743771095 cycles
[    0.000000] cocksource: kvm-clo: mask: 0xffffffffffffffff max_cycles: 0x1cd42e4dffb, max_idle_ns: 881590591483 ns
[    0.000000 Ze anges
   0.000000]   DMA      [m 00000000001000-0x0000000000ffffff]
[    0.000000]   DMA32    [mem 0x0000000001000000-0x000000003ffeffff]
[    0.000000]   Normal   empty
[    0.000000]   Device   empty
[    0.000000] Movable zone strt r ch nde[   0.000] Ealyemry noderaes
[  0000000]   node   0: [mem 000000000000-000000000efff]
[    0.000000]   node   0: [mem 0x0000000000100000-0x000000003ffeffff]
[    0.000000] Initmem setup node 0 [em 0x0000000000001000-0x000000003ffeffff]
[    0.000000] ACPI: PM-Timer IO Port: 0x4008
[    0.000000] IOAPIC[0]: apic_id , version 17, address 0xfec00000, GSI 0-23
[    0.000000] ACPI: INT_SRC_OVR (bus 0 bus_irq 0 global_irq 2 dfl dfl)[    0.000000] ACPI: INT_SRC_OVR (bus 0 bus_irq 9 global_irq 9 high level)
[    0.000000] in ACPI (MADT) for SMP configuration information
[    0.000000] smpboot: Allowing 2 CPUs, 0 hotplug CPUs
[    0.000000] PM: Registered nosave memory: [mem 0x00000000-0x00000fff]
[    0.000000] PM: Registered nosave mor: [mm 0x0009f000-0x0009ffff]
[    0.000000] PM: Registered nosave memory: [mem 0x000a0000-0x000effff]
[    0.000000] PM: Registered nosavmemory: [m 0x00f000-x00fffff]
[    0.000000] e820: [mem 0x40000000-0xfbffff] vailable for PCI devices
[    0.000000] Booting paravirtualized kernel on KVM
[    0.000000] clocksource: refined-jiffies: mask: 0xffffffff max_cycles: 0ffffff, max_idle_ns: 7645519600211568 ns
[    0.000000] setup_percpu: NR_CPUS:256 nr_cpumask_bits:256 nr_cpu_id:2r_odid1
[  00000] RCU:Emedd 33paescpu @ff003fc00000 s98008 r812 28968 u104857
[   000000] PV qspinlock hash table entries: 256 (order: 0, 4096 bytes)
[    0.000000] Built 1 zonelists in Node orde mbility rouping on.  Total ages: 257913
[    0.000000] Policy zone: DMA32
[    0.000000] Kernel command line: BOOT_IMAGE=/boot/vmlinuz-4.4.053-generic root=LABEL=cloudimg-rootfs ro console=tty1 console=ttyS0
[    0.00000] ID hash table entries: 4096 (order: 3, 32768 bytes)
[    0.000000] Memory104140K/10412 available (42 kernel code, 1285K rwdata, 3956K rodata, 1480K init, 1292K bss, 43980K reserved, 0K cma-reserved)
[    0.000000] SLUB: HWalign=64, Order=0-3, MinObjects=0, CPUs=2, Nodes=1
[    0.000000] Hierarchical RCU implementation.
[    000000] 	Build-time adjustmen ofle fanout to 64.
[    0.000000] 	RCU restricting CPUs from NR_CPUS=256 to nr_cpu_ids=2.
[    0.000000] RCU: Adjusting geometry for rcu_fanout_leaf=64, n_cpids=2
[  0.000000 NIRS:1660 _iqs:0 
[    00000] Console: colour VGA+ 80x25
[   00000] conol[tty1]nale
[    000000]consol [yS] enale
    0.000000] tsc: Detected 2900.000 MHz processor
[    5.421020] Calibrating delay loop (skipped) preset value.. 5800.00 BogoMIPS (lpj=11600000)
[    5.422989] pid_max: default: 32768 minimum: 301
[    5.424067] ACPI: Core revision 20150930
[    5.431291] ACPI: 2 ACPI AML tables successfully acquired and loaded
[    5.432544] Security Framework initialized
[    5.433316] Yama: becoming mindful.
[    5.440778] AppArmor: AppArmor initialized
[    5.441824] Dentry cache hash table entries: 131072 (order: 8, 1048576 bytes)
[    5.443475] Inode-cache hash table entries: 65536 (order: 7, 524288 bytes)
[    5.446827] Mount-cache hash table entries: 2048 (order: 2, 16384 bytes)
[    5.453819] Mountpoint-cache hash table entries: 2048 (order: 2, 16384 bytes)
[    5.456524] Initializing cgroup subsys io
[    5.468401] Initializing cgroup subsys memory
[    5.469206] Initializing cgroup subsys devices
[    5.473153] Initializing cgroup subsys freezer
[    5.473998] Initializing cgroup subsys net_cls
[    5.474809] Initializing cgroup subsys perf_event
[    5.475882] Initializing cgroup subsys net_prio
[    5.480452] Initializing cgroup subsys hugetlb
[    5.481478] Initializing cgroup subsys pids
[    5.482531] CPU: Physical Processor ID: 0
[    5.483485] CPU: Processor Core ID: 0
[    5.485294] mce: CPU supports 0 MCE banks
[    5.504235] Last level iTLB entries: 4KB 64, 2MB 8, 4MB 8
[    5.505453] Last level dTLB entries: 4KB 64, 2MB 0, 4MB 0, 1GB 4
[    5.508476] Freeing SMP alternatives memory: 32K (ffffffff820b5000 - ffffffff820bd000)
[    5.682215] ftrace: allocating 32053 entries in 126 pages
[    5.784135] smpboot: Max logical packages: 1
[    5.788087] smpboot: APIC(0) Converting physical 0 to logical package 0
[    5.811842] ..TIMER: vector=0x30 apic1=0 pin1=2 apic2=-1 pin2=-1
[    5.943915] smpboot: CPU0: Intel(R) Core(TM) i5-5287U CPU @ 2.90GHz (family: 0x6, model: 0x3d, stepping: 0x4)
[    5.993643] Performance Events: unsupported p6 CPU model 61 no PMU driver, software events only.
[    6.053780] KVM setup paravirtual spinlock
[    6.074335] x86: Booting SMP configuration:
[    6.093921] .... node  #0, CPUs:      #1
[    6.119049] kvm-clock: cpu 1, msr 0:3ffe7041, secondary cpu clock
[    6.182726] mce: CPU supports 0 MCE banks
[    6.200333] x86: Booted up 1 node, 2 CPUs
[    6.241732] smpboot: Total of 2 processors activated (11600.00 BogoMIPS)
[    6.289952] devtmpfs: initialized
[    6.301174] evm: security.selinux
[    6.308584] evm: security.SMACK64
[    6.309959] evm: security.SMACK64EXEC
[    6.336463] evm: security.SMACK64TRANSMUTE
[    6.353258] evm: security.SMACK64MMAP
[    6.360380] evm: security.ima
[    6.385432] evm: security.capability
[    6.390090] clocksource: jiffies: mask: 0xffffffff max_cycles: 0xffffffff, max_idle_ns: 7645041785100000 ns
[    6.404281] pinctrl core: initialized pinctrl subsystem
[    6.405838] RTC time:  2:31:10, date: 03/16/17
[    6.433783] NET: Registered protocol family 16
[    6.452636] cpuidle: using governor ladder
[    6.488556] cpuidle: using governor menu
[    6.522496] PCCT header not found.
[    6.548543] ACPI: bus type PCI registered
[    6.577149] acpiphp: ACPI Hot Plug PCI Controller Driver version: 0.5
[    6.621628] PCI: Using configuration type 1 for base access
[    6.656429] ACPI: Added _OSI(Module Device)
[    6.673257] ACPI: Added _OSI(Processor Device)
[    6.700044] ACPI: Added _OSI(3.0 _SCP Extensions)
[    6.724234] ACPI: Added _OSI(Processor Aggregator Device)
[    6.760246] ACPI: Executed 1 blocks of module-level executable AML code
[    6.817575] ACPI: Interpreter enabled
[    6.837270] ACPI: (supports S0 S5)
[    6.874839] ACPI: Using IOAPIC for interrupt routing
[    6.885761] PCI: Using host bridge windows from ACPI; if necessary, use "pci=nocrs" and report a bug
[    6.908103] ACPI: PCI Root Bridge [PCI0] (domain 0000 [bus 00-ff])
[    6.918364] acpi PNP0A03:00: _OSC: OS supports [ASPM ClockPM Segments MSI]
[    6.925987] acpi PNP0A03:00: _OSC failed (AE_NOT_FOUND); disabling ASPM
[    6.933747] acpi PNP0A03:00: fail to add MMCONFIG information, can't access extended PCI configuration space under this bridge.
[    6.942257] PCI host bridge to bus 0000:00
[    6.947587] pci_bus 0000:00: root bus resource [io  0x0000-0x0cf7 window]
[    6.949099] pci_bus 0000:00: root bus resource [io  0x0d00-0xffff window]
[    6.961654] pci_bus 0000:00: root bus resource [mem 0x000a0000-0x000bffff window]
[    6.970729] pci_bus 0000:00: root bus resource [mem 0x40000000-0xffdfffff window]
[    6.972477] pci_bus 0000:00: root bus resource [bus 00-ff]
[    6.975321] pci 0000:00:01.1: legacy IDE quirk: reg 0x10: [io  0x01f0-0x01f7]
[    7.035589] pci 0000:00:01.1: legacy IDE quirk: reg 0x14: [io  0x03f6]
[    7.037128] pci 0000:00:01.1: legacy IDE quirk: reg 0x18: [io  0x0170-0x0177]
[    7.041414] pci 0000:00:01.1: legacy IDE quirk: reg 0x1c: [io  0x0376]
[    7.074892] ACPI: PCI Interrupt Link [LNKA] (IRQs 5 9 10 11) *0, disabled.
[    7.083792] ACPI: PCI Interrupt Link [LNKB] (IRQs 5 9 10 *11)
[    7.097267] ACPI: PCI Interrupt Link [LNKC] (IRQs 5 9 *10 11)
[    7.119710] ACPI: PCI Interrupt Link [LNKD] (IRQs 5 *9 10 11)
[    7.155352] ACPI: Enabled 2 GPEs in block 00 to 07
[    7.168986] vgaarb: setting as boot device: PCI:0000:00:02.0
[    7.191776] vgaarb: device added: PCI:0000:00:02.0,decodes=io+mem,owns=io+mem,locks=none
[    7.209909] vgaarb: loaded
[    7.224305] vgaarb: bridge control possible 0000:00:02.0
[    7.226877] SCSI subsystem initialized
[    7.243032] ACPI: bus type USB registered
[    7.267481] usbcore: registered new interface driver usbfs
[    7.275911] usbcore: registered new interface driver hub
[    7.285655] usbcore: registered new device driver usb
[    7.287179] PCI: Using ACPI for IRQ routing
[    7.325867] NetLabel: Initializing
[    7.339256] NetLabel:  domain hash size = 128
[    7.344143] NetLabel:  protocols = UNLABELED CIPSOv4
[    7.345319] NetLabel:  unlabeled traffic allowed by default
[    7.352221] amd_nb: Cannot enumerate AMD northbridges
[    7.372352] clocksource: Switched to clocksource kvm-clock
[    7.3973]AppArmor: AppArmor Filesystem Enable
  7.970]np PP PIni
[  761611]pn: nPAC: un 3 devices
[    8.209183] clocksource: acpi_pm: mask: 0xffffff max_cycles: 0xffffff, max_idle_ns: 2085701024 ns
[    8.218310] NET: Registered protocol family 2
[    8.220681] TCP established hash table entries: 8192 (order: 4, 65536 bytes)
[    8.224619] TCP bind hash table entries: 8192 (order: 5, 131072 bytes)
[    8.226044] TCP: Hash tables configured (established 8192 bind 8192)
[    8.231265] UDP hash table entries: 512 (order: 2, 16384 bytes)
[    8.235210] UDP-Lite hash table entries: 512 (order: 2, 16384 bytes)
[    8.238623] NET: Registered protocol family 1
[    8.239661] pci 0000:00:00.0: Limiting direct PCI/PCI transfers
[    8.264408] pci 0000:00:01.0: Activating ISA DMA hang workarounds
[    8.269087] Trying to unpack rootfs image as initramfs...
[    9.870159] Freeing initrd memory: 8492K (ffff880036f5a000 - ffff8800377a5000)
[   8724 RL MUdeteced,API unit is 2^-32 Joules, 4 fixed counters 1073748240 ms fl timer
[   10.37405] hw unit of domain pp0-core 2^-0 Joules

[   10.440563] hw unit of domain package 2^-0 Joules
[   10.449507] hw unit of domain dram 2^-0 Joules
[   10.457505] hw unit of domain pp1-gpu 2^-0 Joules
[   10.459945] platform rtc_cosrestred platfm RT dic(n P dice fun
   10.9883Scnninfo lowmeor crrti ery60ecds[   11.820287] tsc: Refined TSC clocksource calibration: 2899.999 MHz

[   11.849906] clocksource: tsc: mask: 0fffffffffffff max_cycles: 0x29cd420d9ea, max_idle_ns: 440795262284 ns

[   12.010088] futex hash table entries: 512 (order: 3, 32768 bytes)
[   12.010120] audit: initializing netlink subsys (disabled)
[   12.010141] audit: type=2000 audit(1489631474.676:1): initialized
[   12.010476] Initialise system trusted keyring
[   12.010682] HugeTLB registered 2 MB page size, pre-allocated 0 pages
[   12.013452] zbud: loaded
[   12.013998] VFS: Disk quotas dquot_6.6.0
[   12.014051] VFS: Dquot-cache hash table entries: 512 (order 0, 4096 bytes)
[   12.014416] squashfs: version 4.0 (2009/01/31) Phillip Lougher
[   12.014728] fuse init (API version 7.23)
[   12.014967] Key type big_key registered
[   12.014987] Allocating IMA MOK and blacklist keyrings.
[   12.015260] Key type asymmetric registered
[   12.015269] Asymmetric key parser 'x509' registered
[   12.015314] Block layer SCSI generic (bsg) driver version 0.4 loaded (major 249)
[   12.015338] io scheduler noop registered
[   12.015341] io scheduler deadline registered (default)
[   12.015381] io scheduler cfq registered
[   12.015491] pci_hotplug: PCI Hot Plug PCI Core version: 0.5
[   12.015496] pciehp: PCI Express Hot Plug Controller Driver version: 0.4
[   12.016010] ACPI: AC Adapter [AC] (on-line)
[   12.016096] input: Power Button as /devices/LNXSYSTM:00/LNXPWRBN:00/input/input0
[   12.016101] ACPI: Power Button [PWRF]
[   12.016183] input: Sleep Button as /devices/LNXSYSTM:00/LNXSLPBN:00/input/input1
[   12.016187] ACPI: Sleep Button [SLPF]
[   12.016504] GHES: HEST is not enabled!
[   12.016631] Serial: 8250/16550 driver, 32 ports, IRQ sharing enabled
[   12.051385] 00:02: ttyS0 at I/O 0x3f8 (irq = 4, base_baud = 115200) is a 16550A
[   12.055503] Linux agpgart interface v0.103
[   12.065153] brd: module loaded
[   12.066161] loop: module loaded
[   12.066769] scsi host0: ata_piix
[   12.066849] scsi host1: ata_piix
[   12.066921] ata1: PATA max UDMA/33 cmd 0x1f0 ctl 0x3f6 bmdma 0xd000 irq 14
[   12.066922] ata2: PATA max UDMA/33 cmd 0x170 ctl 0x376 bmdma 0xd008 irq 15
[   12.067023] libphy: Fixed MDIO Bus: probed
[   12.067027] tun: Universal TUN/TAP device driver, 1.6
[   12.067028] tun: (C) 1999-2004 Max Krasnyansky <maxk@qualcomm.com>
[   12.067099] PPP generic driver version 2.4.2
[   12.067210] ehci_hcd: USB 2.0 'Enhanced' Host Controller (EHCI) Driver
[   12.067217] ehci-pci: EHCI PCI platform driver
[   12.067247] ehci-platform: EHCI generic platform driver
[   12.067255] ohci_hcd: USB 1.1 'Open' Host Controller (OHCI) Driver
[   12.067258] ohci-pci: OHCI PCI platform driver
[   12.067268] ohci-platform: OHCI generic platform driver
[   12.067277] uhci_hcd: USB Universal Host Controller Interface driver
[   12.067354] i8042: PNP: PS/2 Controller [PNP0303:PS2K,PNP0f03:PS2M] at 0x60,0x64 irq 1,12
[   12.069015] ACPI: Battery Slot [BAT0] (battery present)
[   12.072120] serio: i8042 KBD port at 0x60,0x64 irq 1
[   12.072127] serio: i8042 AUX port at 0x60,0x64 irq 12
[   12.072306] mousedev: PS/2 mouse device common for all mice
[   12.072765] rtc_cmos rtc_cmos: rtc core: registered rtc_cmos as rtc0
[   12.072836] rtc_cmos rtc_cmos: alarms up to one day, 114 bytes nvram
[   12.072847] i2c /dev entries driver
[   12.072914] device-mapper: uevent: version 1.0.3
[   12.072983] device-mapper: ioctl: 4.34.0-ioctl (2015-10-28) initialised: dm-devel@redhat.com
[   12.072995] ledtrig-cpu: registered to indicate activity on CPUs
[   12.073210] NET: Registered protocol family 10
[   12.073328] NET: Registered protocol family 17
[   12.073335] Key type dns_resolver registered
[   12.081952] microcode: CPU0 sig=0x306d4, pf=0x40, revision=0x0
[   12.081981] microcode: CPU1 sig=0x306d4, pf=0x40, revision=0x0
[   12.082054] microcode: Microcode Update Driver: v2.01 <tigran@aivazian.fsnet.co.uk>, Peter Oruba
[   12.082231] registered taskstats version 1
[   12.082275] Loading compiled-in X.509 certificates
[   12.083126] Loaded X.509 cert 'Build time autogenerated kernel key: e9dbd2fef92418dc580496786c7b3d419aa7d17d'
[   12.083158] zswap: loaded using pool lzo/zbud
[   12.085224] Key type trusted registered
[   12.088291] Key type encrypted registered
[   12.088300] AppArmor: AppArmor sha1 policy hashing enabled
[   12.088303] ima: No TPM chip found, activating TPM-bypass!
[   12.088327] evm: HMAC attrs: 0x1
[   12.088766]   Magic number: 9:868:510
[   12.092053] rtc_cmos rtc_cmos: setting system clock to 2017-03-16 02:31:15 UTC (1489631475)
[   12.092251] BIOS EDD facility v0.16 2004-Jun-25, 0 devices found
[   12.092252] EDD information not available.
[   12.102082] input: AT Translated Set 2 keyboard as /devices/platform/i8042/serio0/input/input2
[   12.883872] Freeing unused kernel memory: 1480K (ffffffff81f43000 - ffffffff820b5000)
[   12.918902] Write protecting the kernel read-only data: 14336k
[   12.977163] Freeing unused kernel memory: 1800K (ffff88000183e000 - ffff880001a00000)
[   13.116521] Freeing unused kernel memory: 140K (ffff880001ddd000 - ffff880001e00000)
Loading, please [   13.189100] random: systemd-udevd: uninitialized urandom read (16 bytes read, 5 bits of entropy available)
wait...
startin[   13.193950] random: udevadm: uninitialized urandom read (16 bytes read, 5 bits of entropy available)
g version 229
[   13.193984] random: udevadm: uninitialized urandom read (16 bytes read, 5 bits of entropy available)
[   13.194077] random: udevadm: uninitialized urandom read (16 bytes read, 5 bits of entropy available)
[   13.194109] random: udevadm: uninitialized urandom read (16 bytes read, 5 bits of entropy available)
[   13.194139] random: udevadm: uninitialized urandom read (16 bytes read, 5 bits of entropy available)
[   13.194171] random: udevadm: uninitialized urandom read (16 bytes read, 5 bits of entropy available)
[   13.194202] random: udevadm: uninitialized urandom read (16 bytes read, 5 bits of entropy available)
[   13.194230] random: udevadm: uninitialized urandom read (16 bytes read, 5 bits of entropy available)
[   13.194259] random: udevadm: uninitialized urandom read (16 bytes read, 5 bits of entropy available)
[   13.707669] e1000: Intel(R) PRO/1000 Network Driver - version 7.3.21-k8-NAPI
[   13.725975] e1000: Copyright (c) 1999-2006 Intel Corporation.
[   13.731943] Fusion MPT base driver 3.04.20
[   13.743482] Copyright (c) 1999-2008 LSI Corporation
[   13.782196] AVX version of gcm_enc/dec engaged.
[   13.784762] AES CTR mode by8 optimization enabled
[   13.792677] Fusion MPT SPI Host driver 3.04.20
[   13.982716] input: ImExPS/2 Generic Explorer Mouse as /devices/platform/i8042/serio1/input/input4
[   14.276253] e1000 0000:00:03.0 eth0: (PCI:33MHz:32-bit) 02:d8:e4:47:7a:33
[   14.575629] e1000 0000:00:03.0 eth0: Intel(R) PRO/1000 Network Connection
[   14.618568] mptbase: ioc0: Initiating bringup
[   14.903922] ioc0: LSI53C1030 A0: Capabilities={Initiator}
[   16.250941] scsi host2: ioc0: LSI53C1030 A0, FwRev=00000000h, Ports=1, MaxQ=256, IRQ=20
[   16.581600] scsi 2:0:0:0: Direct-Access     VBOX     HARDDISK         1.0  PQ: 0 ANSI: 5
[   16.621929] scsi target2:0:0: Beginning Domain Validation
[   16.625561] scsi target2:0:0: Domain Validation skipping write tests
[   16.631086] scsi target2:0:0: Ending Domain Validation
[   16.632481] scsi target2:0:0: asynchronous
[   16.637457] scsi 2:0:1:0: Direct-Access     VBOX     HARDDISK         1.0  PQ: 0 ANSI: 5
[   16.642362] scsi target2:0:1: Beginning Domain Validation
[   16.656855] scsi target2:0:1: Domain Validation skipping write tests
[   16.666740] scsi target2:0:1: Ending Domain Validation
[   16.669111] scsi target2:0:1: asynchronous
[   16.770623] sd 2:0:0:0: Attached scsi generic sg0 type 0
[   16.772193] sd 2:0:0:0: [sda] 20971520 512-byte logical blocks: (10.7 GB/10.0 GiB)
[   16.774181] sd 2:0:1:0: Attached scsi generic sg1 type 0
[   16.783980] sd 2:0:1:0: [sdb] 20480 512-byte logical blocks: (10.5 MB/10.0 MiB)
[   16.787364] sd 2:0:1:0: [sdb] Write Protect is off
[   16.791581] sd 2:0:0:0: [sda] Write Protect is off
[   16.793887] floppy0: no floppy controllers found
[   16.796312] sd 2:0:0:0: [sda] Incomplete mode parameter data
[   16.798556] sd 2:0:0:0: [sda] Assuming drive cache: write through
[   16.800818] sd 2:0:1:0: [sdb] Incomplete mode parameter data
[   16.802184] sd 2:0:1:0: [sdb] Assuming drive cache: write through
[   16.811099] work still pending
[   16.815572]  sda: sda1
[   16.820834] sd 2:0:0:0: [sda] Attached SCSI disk
[   16.823768] sd 2:0:1:0: [sdb] Attached SCSI disk
[   16.965339] e1000 0000:00:08.0 eth1: (PCI:33MHz:32-bit) 08:00:27:e5:e8:fa
[   16.984885] e1000 0000:00:08.0 eth1: Intel(R) PRO/1000 Network Connection
[   17.055164] e1000 0000:00:03.0 enp0s3: renamed from eth0
[   17.161038] e1000 0000:00:08.0 enp0s8: renamed from eth1
Begin: Loading e[   18.573371] md: linear personality registered for level -1
ssential drivers ... [   18.627146] md: multipath personality registered for level -4
[   18.684744] md: raid0 personality registered for level 0
[   18.720480] md: raid1 personality registered for level 1
[   18.848589] raid6: sse2x1   gen()  9797 MB/s
[   18.920426] raid6: sse2x1   xor()  7212 MB/s
[   19.008375] raid6: sse2x2   gen() 11543 MB/s
[   19.148548] raid6: sse2x2   xor()  7635 MB/s
[   19.260407] raid6: sse2x4   gen() 14267 MB/s
[   19.376838] raid6: sse2x4   xor()  8761 MB/s
[   19.426360] raid6: using algorithm sse2x4 gen() 14267 MB/s
[   19.466495] raid6: .... xor() 8761 MB/s, rmw enabled
[   19.538641] raid6: using ssse3x2 recovery algorithm
[   19.570232] xor: automatically using best checksumming function:
[   19.636411]    avx       : 23281.000 MB/sec
[   19.691120] async_tx: api initialized (async)
[   19.719789] md: raid6 personality registered for level 6
[   19.760968] md: raid5 personality registered for level 5
[   19.816873] md: raid4 personality registered for level 4
[   19.832045] md: raid10 personality registered for level 10
done.
Begin: Running /scripts/init-premount ... done.
Begin: Mounting root file system ... Begi[   19.897690] Btrfs loaded
n: Running /scripts/local-top ... done.
Begin: Running /scripts/local-premount ... Scanning for Btrfs filesystems
done.
[   19.993183] EXT4-fs (sda1): mounted filesystem with ordered data mode. Opts: (null)
Warning: fsck not present, so skipping root file system
done.
Begin: Running /scripts/local-bottom ... done.
Begin: Running /scripts/init-bottom ... Warning: overlayroot: debug is busted
done.
[   20.205315] systemd[1]: systemd 229 running in system mode. (+PAM +AUDIT +SELINUX +IMA +APPARMOR +SMACK +SYSVINIT +UTMP +LIBCRYPTSETUP +GCRYPT +GNUTLS +ACL +XZ -LZ4 +SECCOMP +BLKID +ELFUTILS +KMOD -IDN)
[   20.266390] systemd[1]: Detected virtualization oracle.
[   20.282095] systemd[1]: Detected architecture x86-64.

Welcome to [1mUbuntu 16.04.1 LTS[0m!

[   20.295070] systemd[1]: Set hostname to <ubuntu>.
[   20.311890] systemd[1]: Initializing machine ID from random generator.
[   20.323777] systemd[1]: Installed transient /etc/machine-id file.
[   20.6150] ysmd1]Reached target Swap.
[[0;32m  OK  [0m] Reached target Swap.
[  29120systemd[1: stin on Journal Audit Soet
[[0;32m  OK  [0m] Listening on Journal Audit Socket.
[   21.5835 stem[1: isenng on uv ern Ske
[[0;32m  OK  [0m] Listening on udev Kernel Socket.
[ 227314] syte[1 Lstening on /dev/initctl Compatibility Named Pipe.
[[0;32m  OK  [0m] Listening on /dev/initctl Compatibility Named Pipe.
[   22.618561] systemd[1]: Listeni oLV pl aeon socke. [[0;32m  OK  [0m] Listening on LVM2 poll daemon socket.
[ 23631]systemd[1]: Listni oud Ctr Sket.
[[0;32m  OK  [0m] Listening on udev Control Socket.
[ 23282]ysmd1]: eaedtageUs a Gupame Lookups.
[[0;32m  OK  [0m] Reached target User and Group Name Lookups.
[ 249418syte[1: Set p autmot biarExutleilFoatFile System AutmountPoin
[[0;32m  OK  [0m] Set up automount Arbitrary Executab...ats File System Automount Point.
[   25.202043] systemd[1]: Created slice Uer and Session Slice.
[[0;32m  OK  [0m] Created slice User and Session Slice.
[ 25738]ysmd]: Reached targt ncpt Vum.
[[0;32m  OK  [0m] Reached target Encrypted Volumes.
[ 25930]ysmd]: Started Forward Password Requests to Wall Directory Watch.
[[0;32m  OK  [0m] Started Forward Password Requests to Wall Directory Watch.
[   26.25693]ysmd]:reedlice Sysm ic
[[0;32m  OK  [0m] Created slice System Slice.
[ 264938] systemd[1]: Reached target Slices.
[[0;32m  OK  [0m] Reached target Slices.
[  2.88514sytemd[1: stinonSyslog Soet

[[0;32m  OK  [0m] Listening on Syslog Socket.
[   7.38] systemd[1]: Listening on LVM2 metadata daemon socket.
[[0;32m  OK  [0m] Listening on LVM2 metadata daemon socket.
[  2.603591] stmd[1]: Lstening on Deicmaper event daemon FIOs
[[0;32m  OK  [0m] Listening on Device-mapper event daemon FIFOs.
[ 28771] systemd[1]: Litening on Jouna Sckt (/dev/log)

[[0;32m  OK  [0m] Listening on Journal Socket (/dev/log).
[  26967systemd[1]: Listening on Journal Socket.
[[0;32m  OK  [0m] Listening on Journal Socket.
[   28.920723] systemd[1]: Starting Uncomplicated firewall...
         Starting Uncomplicated firewall...
[   28.984673] systemd[1]: Mounting Debug File System...
[   28.991599] random: nonblocking pool is initialized
         Mounting Debug File System...
[   29.017752] systemd[1]: Starting Create list of required static device nodes for the current kernel...
         Starting Create list of required st... nodes for the current kernel...
[   29.116865] systemd[1]: Mounting Huge Pages File System...
         Mounting Huge Pages File System...
[   29.188843] systemd[1]: Mounting POSIX Message Queue File System...
         Mounting POSIX Message Queue File System...
[   29.206554] systemd[1]: Starting Remount Root and Kernel File Systems...
         [   29.219755] EXT4-fs (sda1): re-mounted. Opts: (null)
Starting Remount Root and Kernel File Systems...
[   29.245837] systemd[1]: Starting Load Kernel Modules...
         Starting Load Kernel Modules...
[   29.267010] Loading iSCSI transport class v2.0-870.
[   29.267397] systemd[1]: Starting Monitoring of LVM2 mirrors, snapshots etc. using dmeventd or progress polling...
         Starting Monitoring of LVM2 mirrors... dmeventd or progress poll[   29.452181] iscsi: registered transport (tcp)
ing...
[   29.477217] systemd[1]: Starting Journal Service...
         Starting Journal Service...
[   29.498808] systemd[1]: Starting Nameserver information manager...
         [   29.514357] iscsi: registered transport (iser)
Starting Nameserver information manager...
[   29.596710] systemd[1]: Starting Set console keymap...
         Starting Set console keymap...
[   29.641186] systemd[1]: Created slice system-serial\x2dgetty.slice.
[[0;32m  OK  [0m] Created slice system-serial\x2dgetty.slice.
[   29.94317]systemd[1]: Mounted Debug File System.
[[0;32m  OK  [0m] Mounted Debug File System.
[ 300411sytemd[]: Mounted Huge Pages File System.

[[0;32m  OK  [0m] Mounted Huge Pages File System.
[   30.275333] systemd[1]: Mounted POSIX Message Queue File System.
[[0;32m  OK  [0m] Mounted POSIX Message Queue File System.
[   30.287630] systemd[1]: Started Journal Service.
[[0;32m  OK  [0m] Started Journal Service.
[[0;32m  OK  [0m] Started Uncomplicated firewall.
[[0;32m  OK  [0m] Started Create list of required sta...ce nodes for the current kernel.
[[0;32m  OK  [0m] Started Remount Root and Kernel File Systems.
[[0;32m  OK  [0m] Started Load Kernel Modules.
[[0;32m  OK  [0m] Started Set console keymap.
[[0;32m  OK  [0m] Started Nameserver information manager.
[[0;32m  OK  [0m] Started LVM2 metadata daemon.
         Starting Apply Kernel Variables...
         Mounting FUSE Control File System...
         Starting Initial cloud-init job (pre-networking)...
         Starting Load/Save Random Seed...
         Starting udev Coldplug all Devices...
         Starting Create Static Device Nodes in /dev...
         Starting Flush Journal to Persistent Storage...
[[0;32m  OK  [0m] Mounted FUSE Control File System.
[[0;32m  OK  [0m] Started Apply Kernel Variables.
[[0;32m  OK  [0m] Started Load/Save Random Seed.
[[0;32m  OK  [0m] Started Create Static Device Nodes in /dev.
[[0;32m  OK  [0m] Started udev Coldplug all Devices.
[[0;32m  OK  [0m] Started Flush Journal to Persistent Storage.
         Starting udev Kernel Device Manager...
[[0;32m  OK  [0m] Started udev Kernel Device Manager.
[[0;32m  OK  [0m] Started Dispatch Password Requests to Console Directory Watch.
[[0;32m  OK  [0m] Started Monitoring of LVM2 mirrors,...ng dmeventd or progress polling.
[[0;32m  OK  [0m] Reached target Local File Systems (Pre).
[[0;32m  OK  [0m] Reached target Local File Systems.
         Starting Commit a transient machine-id on disk...
         Starting Create Volatile Files and Directories...
         Starting Set console font and keymap...
         Starting LSB: AppArmor initialization...
         Starting Tell Plymouth To Write Out Runtime Data...
[[0;32m  OK  [0m] Started Commit a transient machine-id on disk.
[[0;32m  OK  [0m] Started Create Volatile Files and Directories.
[[0;32m  OK  [0m] Started Tell Plymouth To Write Out Runtime Data.
[[0;32m  OK  [0m] Found device /dev/ttyS0.
         Starting Update UTMP about System Boot/Shutdown...
[[0;32m  OK  [0m] Reached target System Time Synchronized.
[[0;32m  OK  [0m] Started Update UTMP about System Boot/Shutdown.
[[0;32m  OK  [0m] Started Set console font and keymap.
[[0;32m  OK  [0m] Created slice system-getty.slice.
[[0;32m  OK  [0m] Listening on Load/Save RF Kill Switch Status /dev/rfkill Watch.
[   25.590048] cloud-init[476]: Cloud-init v. 0.7.8 running 'init-local' at Thu, 16 Mar 2017 02:31:35 +0000. Up 24.91 seconds.
[[0;32m  OK  [0m] Started Initial cloud-init job (pre-networking).
[[0;32m  OK  [0m] Started LSB: AppArmor initialization.
[[0;32m  OK  [0m] Reached target Network (Pre).
         Starting Raise network interfaces...
[[0;32m  OK  [0m] Started Raise network interfaces.
[[0;32m  OK  [0m] Reached target Network.
         Starting Initial cloud-init job (metadata service crawler)...
[   28.444078] cloud-init[1050]: Cloud-init v. 0.7.8 running 'init' at Thu, 16 Mar 2017 02:31:38 +0000. Up 27.94 seconds.
[   28.520528] cloud-init[1050]: ci-info: ++++++++++++++++++++++++++++++++++++++Net device info++++++++++++++++++++++++++++++++++++++
[   28.520895] cloud-init[1050]: ci-info: +--------+-------+----------------------------+---------------+-------+-------------------+
[[0;32m  OK  [0m] Started Initial cloud-init job (metadata service crawler).
[   28.521115] cloud-init[1050]: ci-info: | Device |   Up  |          Address           |      Mask     | Scope |     Hw-Address    |
[   28.612853] cloud-init[1050]: ci-info: +--------+-------+----------------------------+---------------+-------+-------------------+
[   28.613173] cloud-init[1050]: ci-info: |   lo   |  True |         127.0.0.1          |   255.0.0.0   |   .   |         .         |
[[0;32m  OK  [0m] Reached target System Initialization.
[[   28.613321] cloud-init[1050]: ci-info: |   lo   |  True |          ::1/128           |       .       |  host |         .         |
[   28.662354] cloud-init[1050]: ci-info: | enp0s8 | False |             .              |       .       |   .   | 08:00:27:e5:e8:fa |
[   28.662508] cloud-init[1050]: ci-info: | enp0s3 |  True |         10.0.2.15          | 255.255.255.0 |   .   | 02:d8:e4:47:7a:33 |
[0;32m  OK  [0m] Started Trigger resolvconf update for networkd DNS.
[   28.662709] cloud-init[1050]: ci-info: | enp0s3 |  True | fe80::d8:e4ff:fe47:7a33/64 |       .       |  link | 02:d8:e4:47:7a:33 |
[   28.688159] cloud-init[1050]: ci-info: +--------+-------+----------------------------+---------------+-------+-------------------+
[   28.688324] cloud-init[1050]: ci-info: +++++++++++++++++++++++++++Route IPv4 info++++++++++++++++++++++++++++
[[0;32m  OK  [0m[   28.688355] ] cloud-initListening on UUID daemon activation socket.[1050]: 
ci-info: +-------+-------------+----------+---------------+-----------+-------+
[[   28.688389] cloud-init[1050]: ci-info: | Route | Destination | Gateway  |    Genmask    | Interface | Flags |
[   29.048151] cloud-init[1050]: ci-info: +-------+-------------+----------+---------------+-----------+-------+
[0;32m  OK  [0m] Started Daily apt activities.
[[   29.048225] cloud-init[1050]: ci-info: |   0   |   0.0.0.0   | 10.0.2.2 |    0.0.0.0    |   enp0s3  |   UG  |
[   29.280986] cloud-init[1050]: ci-info: |   1   |   10.0.2.0  | 0.0.0.0  | 255.255.255.0 |   enp0s3  |   U   |
[0;32m  OK  [0m] Started Daily Cleanup of Temporary Directories.
[   29.281181] cloud-init[1050]: ci-info: +-------+-------------+----------+---------------+-----------+-------+
[   29.472625] cloud-init[1050]: Generating public/private rsa key pair.
[   29.472896] cloud-init[1050]: Your identification has been saved in /etc/ssh/ssh_host_rsa_key.
[[0;32m  OK  [0m] Started ACPI Events Check.
[[   29.473032] cloud-init[1050]: Your public key has been saved in /etc/ssh/ssh_host_rsa_key.pub.
[   29.641343] cloud-init[1050]: The key fingerprint is:
[0;32m  OK  [0m] Reached target Paths.
[[   29.641557] cloud-init[1050]: SHA256:1CZp1A3MvaOYSj/VqiqngzODSZU6LM8UdF+9GmOkcpA root@ubuntu-xenial
[   29.777746] cloud-init[1050]: The key's randomart image is:
[   29.777931] cloud-init[1050]: +---[RSA 2048]----+
[0;32m  OK  [0m] Listening on D-Bus System Message Bus Socket.
         [   29.778106] Starting Socket activation for snappy daemon.cloud-init
[1050]: |     .  .=.+     |
[   30.104791] cloud-init[1050]: |  . E  .oo= o    |
[   30.105343] cloud-init[1050]: | . ..o += o. .   |
         Starting LXD - unix socket.
[   30.105602] cloud-init[1050]: |  .o. +o+o. o    |
[[0;32m  OK  [0m] Listening on ACPID Listen Socket.
[[   30.127506] cloud-init[1050]: |. o. o .S* o .   |
[   30.241667] cloud-init[1050]: |.=.   . + o .    |
[   30.242004] cloud-init[1050]: |o*.. . o . .     |
[0;32m  OK  [0m] Started Timer to automatically refresh installed snaps.
[[   30.242212] cloud-init[1050]: |o B o o o .      |
[   30.278027] cloud-init[1050]: |   +.=...o       |
[0;32m  OK  [0m] Reached target Timers.
[[   30.278215] cloud-init[1050]: +----[SHA256]-----+
[   30.365615] cloud-init[1050]: Generating public/private dsa key pair.
[   30.365937] cloud-init[1050]: Your identification has been saved in /etc/ssh/ssh_host_dsa_key.[0;32m  OK  [0m
] Reached target Network is Online.
[   30.366557] cloud-init[1050]: Your public key has been saved in /etc/ssh/ssh_host_dsa_key.pub.
[   30.524489] cloud-init[1050]: The key fingerprint is:
[   30.524834] cloud-init[1050]: SHA256:JGVnMvO/Xin4QA/zO246k6Ac1mTjchIql9YCBAwHnVc root@ubuntu-xenial
         Starting iSCSI initiator daemon (iscsid)...
[   30.525016] cloud-init[1050]: The key's randomart image is:
[   30.648209] cloud-init[1050]: +---[DSA 1024]----+
[[0;32m  OK  [0m] Reached target Cloud-config availability.
[   30.648381] cloud-init[1050]: |*+.. .E * o      |
[   30.861244] cloud-init[1050]: | o+ .  o B       |
[   30.861578] cloud-init[1050]: | . .  . . .      |
[[0;32m  OK  [0m] Listening on Socket activation for snappy daemon.
[[   30.861736] cloud-init[1050]: |  .   .o+  .     |
[   30.958788] cloud-init[1050]: |   . + *S.+ .    |
[   30.958969] cloud-init[1050]: |  . * * =. * . . |
[0;32m  OK  [0m] Listening on LXD - unix socket.
[   30.959937] cloud-init[1050]: |   + + * .o.= o  |
[   31.032309] cloud-init[1050]: |      o   ++o+   |
[   31.032615] cloud-init[1050]: |          .*=.   |
[[0;32m  OK  [0m] Started iSCSI initiator daemon (iscsid).
[   31.032885] cloud-init[1050]: +----[SHA256]-----+
[   31.141411] cloud-init[1050]: Generating public/private ecdsa key pair.
[   31.141714] cloud-init[1050]: Your identification has been saved in /etc/ssh/ssh_host_ecdsa_key.
         Starting Login to default iSCSI targets...
[   31.141902] cloud-init[1050]: Your public key has been saved in /etc/ssh/ssh_host_ecdsa_key.pub.
[   31.274553] cloud-init[1050]: The key fingerprint is:
[[0;32m  OK  [0m] Reached target Sockets.
[   31.274641] cloud-init[1050]: SHA256:OzegO5lR9YNGy+hqhG4hq5C5Z4pmu9TtUHRZShkTdV8 root@ubuntu-xenial
[   31.326865] cloud-init[1050]: The key's randomart image is:
[[0;32m  OK  [0m] Reached target Basic System.
[   31.326943] cloud-init[1050]: +---[ECDSA 256]---+
[   31.516809] cloud-init[1050]: |       ==o .   E |
[   31.517164] cloud-init[1050]: |      ..= + . .  |
         Starting Login Service...
[   31.517362] cloud-init[1050]: |     . + = + .   |
[   31.585873] cloud-init[1050]: |    . . o = o    |
[   31.620635] cloud-init[1050]: |     o oS.   .   |
[   31.621073] cloud-init[1050]: | oo = o..o       |
         Starting Pollinate to seed the pseudo random number generator...
[   31.621239] cloud-init[1050]: |+. * +.=o o      |
[   31.709067] cloud-init[1050]: |+++ = *. o .     |
[   31.709609] cloud-init[1050]: |BBo. o..         |
[[0;32m  OK  [0m] Started FUSE filesystem for LXC.
[   31.709706] cloud-init[1050]: +----[SHA256]-----+
[   31.792585] cloud-init[1050]: Generating public/private ed25519 key pair.
[   31.792968] cloud-init[1050]: Your identification has been saved in /etc/ssh/ssh_host_ed25519_key.
[[0;32m  OK  [0m] Started ACPI event daemon.
[   31.793108] cloud-init[1050]: Your public key has been saved in /etc/ssh/ssh_host_ed25519_key.pub.
[   31.904830] cloud-init[1050]: The key fingerprint is:
[   31.905249] cloud-init[1050]: SHA256:WeQSwGOJHr+oIzLbvqjzvvtLdRmzwkDfoR2PLNfUANo root@ubuntu-xenial
         Starting System Logging Service...
[   31.905447] cloud-init[1050]: The key's randomart image is:
[   32.080696] cloud-init[1050]: +--[ED25519 256]--+
[   32.081094] cloud-init[1050]: |    .o.o=.+o     |
         Starting LSB: Record successful boot for GRUB...
[   32.081302] cloud-init[1050]: |   .o.=B @  .    |
[   32.236652] cloud-init[1050]: |   ..+=.E =      |
[   32.237100] cloud-init[1050]: |    .o.o O       |
[[0;32m  OK  [0m] Started Deferred execution scheduler.
[   32.237491] cloud-init[1050]: |     .+.S        |
[   32.320424] cloud-init[1050]: |    ...o         |
[   32.320764] cloud-init[1050]: |   ..            |
         Starting Accounts Service...
[   32.320952] cloud-init[1050]: |=oo.             |
         [   32.481572] Starting LSB: MD monitoring daemon...cloud-init
[1050]: |*OO*o.           |
[   32.481726] cloud-init[1050]: +----[SHA256]-----+
[[0;32m  OK  [0m] Started Regular background program processing daemon.
         Starting /etc/rc.local Compatibility...
         Starting Apply the settings specified in cloud-config...
         Starting LXD - container startup/shutdown...
[[0;32m  OK  [0m] Started D-Bus System Message Bus.
[[0;32m  OK  [0m] Started Snappy daemon.
         Starting Auto import assertions from block devices...
[[0;32m  OK  [0m] Started System Logging Service.
[[0;32m  OK  [0m] Started Pollinate to seed the pseudo random number generator.
[[0;32m  OK  [0m] Started /etc/rc.local Compatibility.
[[0;32m  OK  [0m] Started LXD - container startup/shutdown.
[[0;32m  OK  [0m] Started Auto import assertions from block devices.
[   33.340818] cloud-init[1234]: Generating locales (this might take a while)...
[[0;32m  OK  [0m] Started Login to default iSCSI targets.
[[0;32m  OK  [0m] Started LSB: Record successful boot for GRUB.
[[0;32m  OK  [0m] Started LSB: MD monitoring daemon.
[[0;32m  OK  [0m] Started Login Service.
         Starting Authenticate and Authorize Users to Run Privileged Tasks...
[[0;32m  OK  [0m] Reached target Remote File Systems (Pre).
[[0;32m  OK  [0m] Reached target Remote File Systems.
         Starting LSB: Set the CPU Frequency Scaling governor to "ondemand"...
         Starting LSB: automatic crash report generation...
         Starting LSB: daemon to balance interrupts for SMP systems...
         Starting Permit User Sessions...
         Starting LSB: VirtualBox Linux Additions...
         Starting OpenBSD Secure Shell server...
[[0;32m  OK  [0m] Started OpenBSD Secure Shell server.
[[0;32m  OK  [0m] Started Permit User Sessions.
[[0;32m  OK  [0m] Started Authenticate and Authorize Users to Run Privileged Tasks.
[[0;32m  OK  [0m] Started Accounts Service.
[[0;32m  OK  [0m] Started LSB: Set the CPU Frequency Scaling governor to "ondemand".
         Starting Terminate Plymouth Boot Screen...
         Starting Hold until boot process finishes up...
[[0;32m  OK  [0m] Started LSB: automatic crash report generation.
[[0;32m  OK  [0m] Started LSB: daemon to balance interrupts for SMP systems.
[[0;32m  OK  [0m] Started LSB: VirtualBox Linux Additions.
[[0;32m  OK  [0m] Started Terminate Plymouth Boot Screen.
[[0;32m  OK  [0m] Started Hold until boot process finishes up.
         Starting Set console scheme...
[[0;32m  OK  [0m] Started Getty on tty1.
[[0;32m  OK  [0m] Started Serial Getty on ttyS0.
[[0;32m  OK  [0m] Reached target Login Prompts.
[[0;32m  OK  [0m] Reached target Multi-User System.
[[   34.625975] cloud-init[1234]:   en_US.UTF-8... done
[0;32m  OK  [0m] Reached target Graphical Interface.
[   34.635723] cloud-init[1234]: Generation complete.
         Starting Update UTMP about System Runlevel Changes...
[[0;32m  OK  [0m] Started Set console scheme.
[[0;32m  OK  [0m] Started Update UTMP about System Runlevel Changes.
         Stopping OpenBSD Secure Shell server...
[[0;32m  OK  [0m] Stopped OpenBSD Secure Shell server.
         Starting OpenBSD Secure Shell server...
[[0;32m  OK  [0m] Started OpenBSD Secure Shell server.
[   35.184479] cloud-init[1234]: Cloud-init v. 0.7.8 running 'modules:config' at Thu, 16 Mar 2017 02:31:43 +0000. Up 33.15 seconds.
[[0;32m  OK  [0m] Started Apply the settings specified in cloud-config.
         Starting Execute cloud user/final scripts...
ci-info: no authorized ssh keys fingerprints found for user ubuntu.
<14>Mar 16 02:31:48 ec2: 
<14>Mar 16 02:31:48 ec2: #############################################################
<14>Mar 16 02:31:48 ec2: -----BEGIN SSH HOST KEY FINGERPRINTS-----
<14>Mar 16 02:31:48 ec2: 1024 SHA256:JGVnMvO/Xin4QA/zO246k6Ac1mTjchIql9YCBAwHnVc root@ubuntu-xenial (DSA)
<14>Mar 16 02:31:48 ec2: 256 SHA256:OzegO5lR9YNGy+hqhG4hq5C5Z4pmu9TtUHRZShkTdV8 root@ubuntu-xenial (ECDSA)
<14>Mar 16 02:31:48 ec2: 256 SHA256:WeQSwGOJHr+oIzLbvqjzvvtLdRmzwkDfoR2PLNfUANo root@ubuntu-xenial (ED25519)
<14>Mar 16 02:31:48 ec2: 2048 SHA256:1CZp1A3MvaOYSj/VqiqngzODSZU6LM8UdF+9GmOkcpA root@ubuntu-xenial (RSA)
<14>Mar 16 02:31:48 ec2: -----END SSH HOST KEY FINGERPRINTS-----
<14>Mar 16 02:31:48 ec2: #############################################################
-----BEGIN SSH HOST KEY KEYS-----
ecdsa-sha2-nistp256 AAAAE2VjZHNhLXNoYTItbmlzdHAyNTYAAAAIbmlzdHAyNTYAAABBBEyIu/O0syw05mU6YTG6br85zEVqBfQc2mKJYyYR7n/aJHQYP5n/CyL8+iSQ6QeRr8pojy2d4eMgyZoJ/DQLfJU= root@ubuntu-xenial
ssh-ed25519 AAAAC3NzaC1lZDI1NTE5AAAAIE30Wwm/cVAGLbZANAOd2f0sLiqkZtPXAEWP/oGjzHdc root@ubuntu-xenial
ssh-rsa AAAAB3NzaC1yc2EAAAADAQABAAABAQC6O+Yf6bZGk7dvFv1VJk/UmApaZ3Mz4H6ksvbS5VwsiT2PU34X14v2ZS1j1CGyrOlQnhRHbt/czkQcu3iohbmQXh3FdL/gFHLX/oWzDxgv5PQP8UiWzOppQopT9YNih3TKalUqs9deUVic4drNyHh5UKcaIEDcStWs/smDNibS5m83QKeicYCEqMGKsCY6F+ytJ+kVc7kC9uV9Qoqwya4EwvRFOZ1Wdm7XeZIWTwJYkxRbEfAlPWPbyZTW7w1e9KjPnc6E7QyuewXE/VrJnYwQha+9kDJ0Z42T/cA4ecYtX1CO+GwlhcFE8M+3Ttztci7q7CJkUfqA77qqINx+1JEj root@ubuntu-xenial
-----END SSH HOST KEY KEYS-----
[[0;32m  OK  [0m] Created slice User Slice of ubuntu.
[   36.841634] cloud-init[1414]: Cloud-init v. 0.7.8 running 'modules:final' at Thu, 16 Mar 2017 02:31:47 +0000. Up 35.53 seconds.
[   37.013380] cloud-init[1414]: ci-info: no authorized ssh keys fingerprints found for user ubuntu.
         Starting User Manager for UID 1000...
[   37.014802] cloud-init[1414]: Cloud-init v. 0.7.8 finished at Thu, 16 Mar 2017 02:31:49 +0000. Datasource DataSourceNoCloud [seed=/dev/sdb][dsmode=net].  Up 36.83 seconds
[[0;32m  OK  [0m] Started User Manager for UID 1000.
[[0;32m  OK  [0m] Started Execute cloud user/final scripts.
[[0;32m  OK  [0m] Started Session 1 of user ubuntu.
[[0;32m  OK  [0m] Reached target Cloud-init target.

Ubuntu 16.04.1 LTS ubuntu-xenial ttyS0

ubuntu-xenial login: 